Reviewing log file...

> ebaysalestool@1.0.0 install
> npm install --prefix backend && npm install --prefix frontend

npm error code 1
npm error path f:\Dev\eBaySalesTool
npm error command failed
npm error command C:\WINDOWS\system32\cmd.exe /d /s /c npm install --prefix backend && npm install --prefix frontend
npm error npm error code 1
npm error npm error path f:\Dev\eBaySalesTool
npm error npm error command failed
npm error npm error command C:\WINDOWS\system32\cmd.exe /d /s /c npm install --prefix backend && npm install --prefix frontend
npm error npm error npm error code 1
npm error npm error npm error path f:\Dev\eBaySalesTool
npm error npm error npm error command failed
npm error npm error npm error command C:\WINDOWS\system32\cmd.exe /d /s /c npm install --prefix backend && npm install --prefix frontend
npm error npm error npm error npm error code 1
npm error npm error npm error npm error path f:\Dev\eBaySalesTool
npm error npm error npm error npm error command failed
npm error npm error npm error npm error command C:\WINDOWS\system32\cmd.exe /d /s /c npm install --prefix backend && npm install --prefix frontend
npm error npm error npm error npm error npm error code 1
npm error npm error npm error npm error npm error path f:\Dev\eBaySalesTool
npm error npm error npm error npm error npm error command failed
npm error npm error npm error npm error npm error command C:\WINDOWS\system32\cmd.exe /d /s /c npm install --prefix backend && npm install --prefix frontend
npm error npm error npm error npm error npm error npm error code 1
npm error npm error npm error npm error npm error npm error path f:\Dev\eBaySalesTool
npm error npm error npm error npm error npm error npm error command failed
npm error npm error npm error npm error npm error npm error command C:\WINDOWS\system32\cmd.exe /d /s /c npm install --prefix backend && npm install --prefix frontend
npm error npm error npm error npm error npm error npm error npm error code 1
npm error npm error npm error npm error npm error npm error npm error path f:\Dev\eBaySalesTool
npm error npm error npm error npm error npm error npm error npm error command failed
npm error npm error npm error npm error npm error npm error npm error command C:\WINDOWS\system32\cmd.exe /d /s /c npm install --prefix backend && npm install --prefix frontend
npm error npm error npm error npm error npm error npm error npm error npm error code 1
npm error npm error npm error npm error npm error npm error npm error npm error path f:\Dev\eBaySalesTool
npm error npm error npm error npm error npm error npm error npm error npm error command failed
npm error npm error npm error npm error npm error npm error npm error npm error command C:\WINDOWS\system32\cmd.exe /d /s /c npm install --prefix backend && npm install --prefix frontend
npm error npm error npm error npm error npm error npm error npm error npm error npm error code 1
npm error npm error npm error npm error npm error npm error npm error npm error npm error path f:\Dev\eBaySalesTool
npm error npm error npm error npm error npm error npm error npm error npm error npm error command failed
npm error npm error npm error npm error npm error npm error npm error npm error npm error command C:\WINDOWS\system32\cmd.exe /d /s /c npm install --prefix backend && npm install --prefix frontend
npm error npm error npm error npm error npm error npm error npm error npm error npm error npm error code 1
npm error npm error npm error npm error npm error npm error npm error npm error npm error npm error path f:\Dev\eBaySalesTool
npm error npm error npm error npm error npm error npm error npm error npm error npm error npm error command failed
npm error npm error npm error npm error npm error npm error npm error npm error npm error npm error command C:\WINDOWS\system32\cmd.exe /d /s /c npm install --prefix backend && npm install --prefix frontend
npm error npm error npm error npm error npm error npm error npm error npm error npm error npm error npm error code 1
npm error npm error npm error npm error npm error npm error npm error npm error npm error npm error npm error path f:\Dev\eBaySalesTool
npm error npm error npm error npm error npm error npm error npm error npm error npm error npm error npm error command failed
npm error npm error npm error npm error npm error npm error npm error npm error npm error npm error npm error command C:\WINDOWS\system32\cmd.exe /d /s /c npm install --prefix backend && npm install --prefix frontend
npm error npm error npm error npm error npm error npm error npm error npm error npm error npm error npm error npm error code 1
npm error npm error npm error npm error npm error npm error npm error npm error npm error npm error npm error npm error path f:\Dev\eBaySalesTool
npm error npm error npm error npm error npm error npm error npm error npm error npm error npm error npm error npm error command failed
npm error npm error npm error npm error npm error npm error npm error npm error npm error npm error npm error npm error command C:\WINDOWS\system32\cmd.exe /d /s /c npm install --prefix backend && npm install --prefix frontend
npm error npm error npm error npm error npm error npm error npm error npm error npm error npm error npm error npm error npm error code 1
npm error npm error npm error npm error npm error npm error npm error npm error npm error npm error npm error npm error npm error path f:\Dev\eBaySalesTool
npm error npm error npm error npm error npm error npm error npm error npm error npm error npm error npm error npm error npm error command failed
npm error npm error npm error npm error npm error npm error npm error npm error npm error npm error npm error npm error npm error command C:\WINDOWS\system32\cmd.exe /d /s /c npm install --prefix backend && npm install --prefix frontend
npm error npm error npm error npm error npm error npm error npm error npm error npm error npm error npm error npm error npm error npm error code 1
npm error npm error npm error npm error npm error npm error npm error npm error npm error npm error npm error npm error npm error npm error path f:\Dev\eBaySalesTool
npm error npm error npm error npm error npm error npm error npm error npm error npm error npm error npm error npm error npm error npm error command failed
npm error npm error npm error npm error npm error npm error npm error npm error npm error npm error npm error npm error npm error npm error command C:\WINDOWS\system32\cmd.exe /d /s /c npm install --prefix backend && npm install --prefix frontend
npm error npm error npm error npm error npm error npm error npm error npm error npm error npm error npm error npm error npm error npm error npm error code 1
npm error npm error npm error npm error npm error npm error npm error npm error npm error npm error npm error npm error npm error npm error npm error path f:\Dev\eBaySalesTool
npm error npm error npm error npm error npm error npm error npm error npm error npm error npm error npm error npm error npm error npm error npm error command failed
npm error npm error npm error npm error npm error npm error npm error npm error npm error npm error npm error npm error npm error npm error npm error command C:\WINDOWS\system32\cmd.exe /d /s /c npm install --prefix backend && npm install --prefix frontend
npm error npm error npm error npm error npm error npm error npm error npm error npm error npm error npm error npm error npm error npm error npm error npm error code 1
npm error npm error npm error npm error npm error npm error npm error npm error npm error npm error npm error npm error npm error npm error npm error npm error path f:\Dev\eBaySalesTool
npm error npm error npm error npm error npm error npm error npm error npm error npm error npm error npm error npm error npm error npm error npm error npm error command failed
npm error npm error npm error npm error npm error npm error npm error npm error npm error npm error npm error npm error npm error npm error npm error npm error command C:\WINDOWS\system32\cmd.exe /d /s /c npm install --prefix backend && npm install --prefix frontend
npm error npm error npm error npm error npm error npm error npm error npm error npm error npm error npm error npm error npm error npm error npm error npm error npm error code 1
npm error npm error npm error npm error npm error npm error npm error npm error npm error npm error npm error npm error npm error npm error npm error npm error npm error path f:\Dev\eBaySalesTool
npm error npm error npm error npm error npm error npm error npm error npm error npm error npm error npm error npm error npm error npm error npm error npm error npm error command failed
npm error npm error npm error npm error npm error npm error npm error npm error npm error npm error npm error npm error npm error npm error npm error npm error npm error command C:\WINDOWS\system32\cmd.exe /d /s /c npm install --prefix backend && npm install --prefix frontend
npm error npm error npm error npm error npm error npm error npm error npm error npm error npm error npm error npm error npm error npm error npm error npm error npm error npm error code 1
npm error npm error npm error npm error npm error npm error npm error npm error npm error npm error npm error npm error npm error npm error npm error npm error npm error npm error path f:\Dev\eBaySalesTool
npm error npm error npm error npm error npm error npm error npm error npm error npm error npm error npm error npm error npm error npm error npm error npm error npm error npm error command failed
npm error npm error npm error npm error npm error npm error npm error npm error npm error npm error npm error npm error npm error npm error npm error npm error npm error npm error command C:\WINDOWS\system32\cmd.exe /d /s /c npm install --prefix backend && npm install --prefix frontend
npm error npm error npm error npm error npm error npm error npm error npm error npm error npm error npm error npm error npm error npm error npm error npm error npm error npm error npm error code 1
npm error npm error npm error npm error npm error npm error npm error npm error npm error npm error npm error npm error npm error npm error npm error npm error npm error npm error npm error path f:\Dev\eBaySalesTool
npm error npm error npm error npm error npm error npm error npm error npm error npm error npm error npm error npm error npm error npm error npm error npm error npm error npm error npm error command failed
npm error npm error npm error npm error npm error npm error npm error npm error npm error npm error npm error npm error npm error npm error npm error npm error npm error npm error npm error command C:\WINDOWS\system32\cmd.exe /d /s /c npm install --prefix backend && npm install --prefix frontend
npm error npm error npm error npm error npm error npm error npm error npm error npm error npm error npm error npm error npm error npm error npm error npm error npm error npm error npm error npm error code 1
npm error npm error npm error npm error npm error npm error npm error npm error npm error npm error npm error npm error npm error npm error npm error npm error npm error npm error npm error npm error path f:\Dev\eBaySalesTool
npm error npm error npm error npm error npm error npm error npm error npm error npm error npm error npm error npm error npm error npm error npm error npm error npm error npm error npm error npm error command failed
npm error npm error npm error npm error npm error npm error npm error npm error npm error npm error npm error npm error npm error npm error npm error npm error npm error npm error npm error npm error command C:\WINDOWS\system32\cmd.exe /d /s /c npm install --prefix backend && npm install --prefix frontend
npm error npm error npm error npm error npm error npm error npm error npm error npm error npm error npm error npm error npm error npm error npm error npm error npm error npm error npm error npm error npm error code 1
npm error npm error npm error npm error npm error npm error npm error npm error npm error npm error npm error npm error npm error npm error npm error npm error npm error npm error npm error npm error npm error path f:\Dev\eBaySalesTool
npm error npm error npm error npm error npm error npm error npm error npm error npm error npm error npm error npm error npm error npm error npm error npm error npm error npm error npm error npm error npm error command failed
npm error npm error npm error npm error npm error npm error npm error npm error npm error npm error npm error npm error npm error npm error npm error npm error npm error npm error npm error npm error npm error command C:\WINDOWS\system32\cmd.exe /d /s /c npm install --prefix backend && npm install --prefix frontend
npm error npm error npm error npm error npm error npm error npm error npm error npm error npm error npm error npm error npm error npm error npm error npm error npm error npm error npm error npm error npm error npm error code 1
npm error npm error npm error npm error npm error npm error npm error npm error npm error npm error npm error npm error npm error npm error npm error npm error npm error npm error npm error npm error npm error npm error path f:\Dev\eBaySalesTool
npm error npm error npm error npm error npm error npm error npm error npm error npm error npm error npm error npm error npm error npm error npm error npm error npm error npm error npm error npm error npm error npm error command failed
npm error npm error npm error npm error npm error npm error npm error npm error npm error npm error npm error npm error npm error npm error npm error npm error npm error npm error npm error npm error npm error npm error command C:\WINDOWS\system32\cmd.exe /d /s /c npm install --prefix backend && npm install --prefix frontend
npm error npm error npm error npm error npm error npm error npm error npm error npm error npm error npm error npm error npm error npm error npm error npm error npm error npm error npm error npm error npm error npm error npm error code 1
npm error npm error npm error npm error npm error npm error npm error npm error npm error npm error npm error npm error npm error npm error npm error npm error npm error npm error npm error npm error npm error npm error npm error path f:\Dev\eBaySalesTool
npm error npm error npm error npm error npm error npm error npm error npm error npm error npm error npm error npm error npm error npm error npm error npm error npm error npm error npm error npm error npm error npm error npm error command failed
npm error npm error npm error npm error npm error npm error npm error npm error npm error npm error npm error npm error npm error npm error npm error npm error npm error npm error npm error npm error npm error npm error npm error command C:\WINDOWS\system32\cmd.exe /d /s /c npm install --prefix backend && npm install --prefix frontend
npm error npm error npm error npm error npm error npm error npm error npm error npm error npm error npm error npm error npm error npm error npm error npm error npm error npm error npm error npm error npm error npm error npm error npm error code 1
npm error npm error npm error npm error npm error npm error npm error npm error npm error npm error npm error npm error npm error npm error npm error npm error npm error npm error npm error npm error npm error npm error npm error npm error path f:\Dev\eBaySalesTool
npm error npm error npm error npm error npm error npm error npm error npm error npm error npm error npm error npm error npm error npm error npm error npm error npm error npm error npm error npm error npm error npm error npm error npm error command failed
npm error npm error npm error npm error npm error npm error npm error npm error npm error npm error npm error npm error npm error npm error npm error npm error npm error npm error npm error npm error npm error npm error npm error npm error command C:\WINDOWS\system32\cmd.exe /d /s /c npm install --prefix backend && npm install --prefix frontend
npm error npm error npm error npm error npm error npm error npm error npm error npm error npm error npm error npm error npm error npm error npm error npm error npm error npm error npm error npm error npm error npm error npm error npm error npm error code 1
npm error npm error npm error npm error npm error npm error npm error npm error npm error npm error npm error npm error npm error npm error npm error npm error npm error npm error npm error npm error npm error npm error npm error npm error npm error path f:\Dev\eBaySalesTool
npm error npm error npm error npm error npm error npm error npm error npm error npm error npm error npm error npm error npm error npm error npm error npm error npm error npm error npm error npm error npm error npm error npm error npm error npm error command failed
npm error npm error npm error npm error npm error npm error npm error npm error npm error npm error npm error npm error npm error npm error npm error npm error npm error npm error npm error npm error npm error npm error npm error npm error npm error command C:\WINDOWS\system32\cmd.exe /d /s /c npm install --prefix backend && npm install --prefix frontend
npm error npm error npm error npm error npm error npm error npm error npm error npm error npm error npm error npm error npm error npm error npm error npm error npm error npm error npm error npm error npm error npm error npm error npm error npm error npm error code 1
npm error npm error npm error npm error npm error npm error npm error npm error npm error npm error npm error npm error npm error npm error npm error npm error npm error npm error npm error npm error npm error npm error npm error npm error npm error npm error path f:\Dev\eBaySalesTool
npm error npm error npm error npm error npm error npm error npm error npm error npm error npm error npm error npm error npm error npm error npm error npm error npm error npm error npm error npm error npm error npm error npm error npm error npm error npm error command failed
npm error npm error npm error npm error npm error npm error npm error npm error npm error npm error npm error npm error npm error npm error npm error npm error npm error npm error npm error npm error npm error npm error npm error npm error npm error npm error command C:\WINDOWS\system32\cmd.exe /d /s /c npm install --prefix backend && npm install --prefix frontend
npm error npm error npm error npm error npm error npm error npm error npm error npm error npm error npm error npm error npm error npm error npm error npm error npm error npm error npm error npm error npm error npm error npm error npm error npm error npm error npm error code 1
npm error npm error npm error npm error npm error npm error npm error npm error npm error npm error npm error npm error npm error npm error npm error npm error npm error npm error npm error npm error npm error npm error npm error npm error npm error npm error npm error path f:\Dev\eBaySalesTool
npm error npm error npm error npm error npm error npm error npm error npm error npm error npm error npm error npm error npm error npm error npm error npm error npm error npm error npm error npm error npm error npm error npm error npm error npm error npm error npm error command failed
npm error npm error npm error npm error npm error npm error npm error npm error npm error npm error npm error npm error npm error npm error npm error npm error npm error npm error npm error npm error npm error npm error npm error npm error npm error npm error npm error command C:\WINDOWS\system32\cmd.exe /d /s /c npm install --prefix backend && npm install --prefix frontend
npm error npm error npm error npm error npm error npm error npm error npm error npm error npm error npm error npm error npm error npm error npm error npm error npm error npm error npm error npm error npm error npm error npm error npm error npm error npm error npm error npm error code 1
npm error npm error npm error npm error npm error npm error npm error npm error npm error npm error npm error npm error npm error npm error npm error npm error npm error npm error npm error npm error npm error npm error npm error npm error npm error npm error npm error npm error path f:\Dev\eBaySalesTool
npm error npm error npm error npm error npm error npm error npm error npm error npm error npm error npm error npm error npm error npm error npm error npm error npm error npm error npm error npm error npm error npm error npm error npm error npm error npm error npm error npm error command failed
npm error npm error npm error npm error npm error npm error npm error npm error npm error npm error npm error npm error npm error npm error npm error npm error npm error npm error npm error npm error npm error npm error npm error npm error npm error npm error npm error npm error command C:\WINDOWS\system32\cmd.exe /d /s /c npm install --prefix backend && npm install --prefix frontend
npm error npm error npm error npm error npm error npm error npm error npm error npm error npm error npm error npm error npm error npm error npm error npm error npm error npm error npm error npm error npm error npm error npm error npm error npm error npm error npm error npm error npm error code 1
npm error npm error npm error npm error npm error npm error npm error npm error npm error npm error npm error npm error npm error npm error npm error npm error npm error npm error npm error npm error npm error npm error npm error npm error npm error npm error npm error npm error npm error path f:\Dev\eBaySalesTool
npm error npm error npm error npm error npm error npm error npm error npm error npm error npm error npm error npm error npm error npm error npm error npm error npm error npm error npm error npm error npm error npm error npm error npm error npm error npm error npm error npm error npm error command failed
npm error npm error npm error npm error npm error npm error npm error npm error npm error npm error npm error npm error npm error npm error npm error npm error npm error npm error npm error npm error npm error npm error npm error npm error npm error npm error npm error npm error npm error command C:\WINDOWS\system32\cmd.exe /d /s /c npm install --prefix backend && npm install --prefix frontend
npm error npm error npm error npm error npm error npm error npm error npm error npm error npm error npm error npm error npm error npm error npm error npm error npm error npm error npm error npm error npm error npm error npm error npm error npm error npm error npm error npm error npm error npm error code 1
npm error npm error npm error npm error npm error npm error npm error npm error npm error npm error npm error npm error npm error npm error npm error npm error npm error npm error npm error npm error npm error npm error npm error npm error npm error npm error npm error npm error npm error npm error path f:\Dev\eBaySalesTool
npm error npm error npm error npm error npm error npm error npm error npm error npm error npm error npm error npm error npm error npm error npm error npm error npm error npm error npm error npm error npm error npm error npm error npm error npm error npm error npm error npm error npm error npm error command failed
npm error npm error npm error npm error npm error npm error npm error npm error npm error npm error npm error npm error npm error npm error npm error npm error npm error npm error npm error npm error npm error npm error npm error npm error npm error npm error npm error npm error npm error npm error command C:\WINDOWS\system32\cmd.exe /d /s /c npm install --prefix backend && npm install --prefix frontend
npm error npm error npm error npm error npm error npm error npm error npm error npm error npm error npm error npm error npm error npm error npm error npm error npm error npm error npm error npm error npm error npm error npm error npm error npm error npm error npm error npm error npm error npm error npm error code 1
npm error npm error npm error npm error npm error npm error npm error npm error npm error npm error npm error npm error npm error npm error npm error npm error npm error npm error npm error npm error npm error npm error npm error npm error npm error npm error npm error npm error npm error npm error npm error path f:\Dev\eBaySalesTool
npm error npm error npm error npm error npm error npm error npm error npm error npm error npm error npm error npm error npm error npm error npm error npm error npm error npm error npm error npm error npm error npm error npm error npm error npm error npm error npm error npm error npm error npm error npm error command failed
npm error npm error npm error npm error npm error npm error npm error npm error npm error npm error npm error npm error npm error npm error npm error npm error npm error npm error npm error npm error npm error npm error npm error npm error npm error npm error npm error npm error npm error npm error npm error command C:\WINDOWS\system32\cmd.exe /d /s /c npm install --prefix backend && npm install --prefix frontend
npm error npm error npm error npm error npm error npm error npm error npm error npm error npm error npm error npm error npm error npm error npm error npm error npm error npm error npm error npm error npm error npm error npm error npm error npm error npm error npm error npm error npm error npm error npm error npm error code 1
npm error npm error npm error npm error npm error npm error npm error npm error npm error npm error npm error npm error npm error npm error npm error npm error npm error npm error npm error npm error npm error npm error npm error npm error npm error npm error npm error npm error npm error npm error npm error npm error path f:\Dev\eBaySalesTool
npm error npm error npm error npm error npm error npm error npm error npm error npm error npm error npm error npm error npm error npm error npm error npm error npm error npm error npm error npm error npm error npm error npm error npm error npm error npm error npm error npm error npm error npm error npm error npm error command failed
npm error npm error npm error npm error npm error npm error npm error npm error npm error npm error npm error npm error npm error npm error npm error npm error npm error npm error npm error npm error npm error npm error npm error npm error npm error npm error npm error npm error npm error npm error npm error npm error command C:\WINDOWS\system32\cmd.exe /d /s /c npm install --prefix backend && npm install --prefix frontend
npm error npm error npm error npm error npm error npm error npm error npm error npm error npm error npm error npm error npm error npm error npm error npm error npm error npm error npm error npm error npm error npm error npm error npm error npm error npm error npm error npm error npm error npm error npm error npm error npm error code 1
npm error npm error npm error npm error npm error npm error npm error npm error npm error npm error npm error npm error npm error npm error npm error npm error npm error npm error npm error npm error npm error npm error npm error npm error npm error npm error npm error npm error npm error npm error npm error npm error npm error path f:\Dev\eBaySalesTool
npm error npm error npm error npm error npm error npm error npm error npm error npm error npm error npm error npm error npm error npm error npm error npm error npm error npm error npm error npm error npm error npm error npm error npm error npm error npm error npm error npm error npm error npm error npm error npm error npm error command failed
npm error npm error npm error npm error npm error npm error npm error npm error npm error npm error npm error npm error npm error npm error npm error npm error npm error npm error npm error npm error npm error npm error npm error npm error npm error npm error npm error npm error npm error npm error npm error npm error npm error command C:\WINDOWS\system32\cmd.exe /d /s /c npm install --prefix backend && npm install --prefix frontend
npm error npm error npm error npm error npm error npm error npm error npm error npm error npm error npm error npm error npm error npm error npm error npm error npm error npm error npm error npm error npm error npm error npm error npm error npm error npm error npm error npm error npm error npm error npm error npm error npm error npm error code 1
npm error npm error npm error npm error npm error npm error npm error npm error npm error npm error npm error npm error npm error npm error npm error npm error npm error npm error npm error npm error npm error npm error npm error npm error npm error npm error npm error npm error npm error npm error npm error npm error npm error npm error path f:\Dev\eBaySalesTool
npm error npm error npm error npm error npm error npm error npm error npm error npm error npm error npm error npm error npm error npm error npm error npm error npm error npm error npm error npm error npm error npm error npm error npm error npm error npm error npm error npm error npm error npm error npm error npm error npm error npm error command failed
npm error npm error npm error npm error npm error npm error npm error npm error npm error npm error npm error npm error npm error npm error npm error npm error npm error npm error npm error npm error npm error npm error npm error npm error npm error npm error npm error npm error npm error npm error npm error npm error npm error npm error command C:\WINDOWS\system32\cmd.exe /d /s /c npm install --prefix backend && npm install --prefix frontend
npm error npm error npm error npm error npm error npm error npm error npm error npm error npm error npm error npm error npm error npm error npm error npm error npm error npm error npm error npm error npm error npm error npm error npm error npm error npm error npm error npm error npm error npm error npm error npm error npm error npm error npm error code 1
npm error npm error npm error npm error npm error npm error npm error npm error npm error npm error npm error npm error npm error npm error npm error npm error npm error npm error npm error npm error npm error npm error npm error npm error npm error npm error npm error npm error npm error npm error npm error npm error npm error npm error npm error path f:\Dev\eBaySalesTool
npm error npm error npm error npm error npm error npm error npm error npm error npm error npm error npm error npm error npm error npm error npm error npm error npm error npm error npm error npm error npm error npm error npm error npm error npm error npm error npm error npm error npm error npm error npm error npm error npm error npm error npm error command failed
npm error npm error npm error npm error npm error npm error npm error npm error npm error npm error npm error npm error npm error npm error npm error npm error npm error npm error npm error npm error npm error npm error npm error npm error npm error npm error npm error npm error npm error npm error npm error npm error npm error npm error npm error command C:\WINDOWS\system32\cmd.exe /d /s /c npm install --prefix backend && npm install --prefix frontend
npm error npm error npm error npm error npm error npm error npm error npm error npm error npm error npm error npm error npm error npm error npm error npm error npm error npm error npm error npm error npm error npm error npm error npm error npm error npm error npm error npm error npm error npm error npm error npm error npm error npm error npm error npm error code 1
npm error npm error npm error npm error npm error npm error npm error npm error npm error npm error npm error npm error npm error npm error npm error npm error npm error npm error npm error npm error npm error npm error npm error npm error npm error npm error npm error npm error npm error npm error npm error npm error npm error npm error npm error npm error path f:\Dev\eBaySalesTool
npm error npm error npm error npm error npm error npm error npm error npm error npm error npm error npm error npm error npm error npm error npm error npm error npm error npm error npm error npm error npm error npm error npm error npm error npm error npm error npm error npm error npm error npm error npm error npm error npm error npm error npm error npm error command failed
npm error npm error npm error npm error npm error npm error npm error npm error npm error npm error npm error npm error npm error npm error npm error npm error npm error npm error npm error npm error npm error npm error npm error npm error npm error npm error npm error npm error npm error npm error npm error npm error npm error npm error npm error npm error command C:\WINDOWS\system32\cmd.exe /d /s /c npm install --prefix backend && npm install --prefix frontend
npm error npm error npm error npm error npm error npm error npm error npm error npm error npm error npm error npm error npm error npm error npm error npm error npm error npm error npm error npm error npm error npm error npm error npm error npm error npm error npm error npm error npm error npm error npm error npm error npm error npm error npm error npm error 'npm' is not recognized as an internal or external command,
npm error npm error npm error npm error npm error npm error npm error npm error npm error npm error npm error npm error npm error npm error npm error npm error npm error npm error npm error npm error npm error npm error npm error npm error npm error npm error npm error npm error npm error npm error npm error npm error npm error npm error npm error npm error operable program or batch file.
npm error npm error npm error npm error npm error npm error npm error npm error npm error npm error npm error npm error npm error npm error npm error npm error npm error npm error npm error npm error npm error npm error npm error npm error npm error npm error npm error npm error npm error npm error npm error npm error npm error npm error npm error npm error A complete log of this run can be found in: C:\Users\James\AppData\Local\npm-cache\_logs\2025-04-29T13_24_41_946Z-debug-0.log
npm error npm error npm error npm error npm error npm error npm error npm error npm error npm error npm error npm error npm error npm error npm error npm error npm error npm error npm error npm error npm error npm error npm error npm error npm error npm error npm error npm error npm error npm error npm error npm error npm error npm error npm error A complete log of this run can be found in: C:\Users\James\AppData\Local\npm-cache\_logs\2025-04-29T13_24_40_474Z-debug-0.log
npm error npm error npm error npm error npm error npm error npm error npm error npm error npm error npm error npm error npm error npm error npm error npm error npm error npm error npm error npm error npm error npm error npm error npm error npm error npm error npm error npm error npm error npm error npm error npm error npm error npm error A complete log of this run can be found in: C:\Users\James\AppData\Local\npm-cache\_logs\2025-04-29T13_24_38_994Z-debug-0.log
npm error npm error npm error npm error npm error npm error npm error npm error npm error npm error npm error npm error npm error npm error npm error npm error npm error npm error npm error npm error npm error npm error npm error npm error npm error npm error npm error npm error npm error npm error npm error npm error npm error A complete log of this run can be found in: C:\Users\James\AppData\Local\npm-cache\_logs\2025-04-29T13_24_37_568Z-debug-0.log
npm error npm error npm error npm error npm error npm error npm error npm error npm error npm error npm error npm error npm error npm error npm error npm error npm error npm error npm error npm error npm error npm error npm error npm error npm error npm error npm error npm error npm error npm error npm error npm error A complete log of this run can be found in: C:\Users\James\AppData\Local\npm-cache\_logs\2025-04-29T13_24_36_161Z-debug-0.log
npm error npm error npm error npm error npm error npm error npm error npm error npm error npm error npm error npm error npm error npm error npm error npm error npm error npm error npm error npm error npm error npm error npm error npm error npm error npm error npm error npm error npm error npm error npm error A complete log of this run can be found in: C:\Users\James\AppData\Local\npm-cache\_logs\2025-04-29T13_24_34_702Z-debug-0.log
npm error npm error npm error npm error npm error npm error npm error npm error npm error npm error npm error npm error npm error npm error npm error npm error npm error npm error npm error npm error npm error npm error npm error npm error npm error npm error npm error npm error npm error npm error A complete log of this run can be found in: C:\Users\James\AppData\Local\npm-cache\_logs\2025-04-29T13_24_33_270Z-debug-0.log
npm error npm error npm error npm error npm error npm error npm error npm error npm error npm error npm error npm error npm error npm error npm error npm error npm error npm error npm error npm error npm error npm error npm error npm error npm error npm error npm error npm error npm error A complete log of this run can be found in: C:\Users\James\AppData\Local\npm-cache\_logs\2025-04-29T13_24_31_836Z-debug-0.log
npm error npm error npm error npm error npm error npm error npm error npm error npm error npm error npm error npm error npm error npm error npm error npm error npm error npm error npm error npm error npm error npm error npm error npm error npm error npm error npm error npm error A complete log of this run can be found in: C:\Users\James\AppData\Local\npm-cache\_logs\2025-04-29T13_24_30_435Z-debug-0.log
npm error npm error npm error npm error npm error npm error npm error npm error npm error npm error npm error npm error npm error npm error npm error npm error npm error npm error npm error npm error npm error npm error npm error npm error npm error npm error npm error A complete log of this run can be found in: C:\Users\James\AppData\Local\npm-cache\_logs\2025-04-29T13_24_29_001Z-debug-0.log
npm error npm error npm error npm error npm error npm error npm error npm error npm error npm error npm error npm error npm error npm error npm error npm error npm error npm error npm error npm error npm error npm error npm error npm error npm error npm error A complete log of this run can be found in: C:\Users\James\AppData\Local\npm-cache\_logs\2025-04-29T13_24_27_645Z-debug-0.log
npm error npm error npm error npm error npm error npm error npm error npm error npm error npm error npm error npm error npm error npm error npm error npm error npm error npm error npm error npm error npm error npm error npm error npm error npm error A complete log of this run can be found in: C:\Users\James\AppData\Local\npm-cache\_logs\2025-04-29T13_24_26_260Z-debug-0.log
npm error npm error npm error npm error npm error npm error npm error npm error npm error npm error npm error npm error npm error npm error npm error npm error npm error npm error npm error npm error npm error npm error npm error npm error A complete log of this run can be found in: C:\Users\James\AppData\Local\npm-cache\_logs\2025-04-29T13_24_24_908Z-debug-0.log
npm error npm error npm error npm error npm error npm error npm error npm error npm error npm error npm error npm error npm error npm error npm error npm error npm error npm error npm error npm error npm error npm error npm error A complete log of this run can be found in: C:\Users\James\AppData\Local\npm-cache\_logs\2025-04-29T13_24_23_494Z-debug-0.log
npm error npm error npm error npm error npm error npm error npm error npm error npm error npm error npm error npm error npm error npm error npm error npm error npm error npm error npm error npm error npm error npm error A complete log of this run can be found in: C:\Users\James\AppData\Local\npm-cache\_logs\2025-04-29T13_24_22_111Z-debug-0.log
npm error npm error npm error npm error npm error npm error npm error npm error npm error npm error npm error npm error npm error npm error npm error npm error npm error npm error npm error npm error npm error A complete log of this run can be found in: C:\Users\James\AppData\Local\npm-cache\_logs\2025-04-29T13_24_20_686Z-debug-0.log
npm error npm error npm error npm error npm error npm error npm error npm error npm error npm error npm error npm error npm error npm error npm error npm error npm error npm error npm error npm error A complete log of this run can be found in: C:\Users\James\AppData\Local\npm-cache\_logs\2025-04-29T13_24_19_310Z-debug-0.log
npm error npm error npm error npm error npm error npm error npm error npm error npm error npm error npm error npm error npm error npm error npm error npm error npm error npm error npm error A complete log of this run can be found in: C:\Users\James\AppData\Local\npm-cache\_logs\2025-04-29T13_24_17_955Z-debug-0.log
npm error npm error npm error npm error npm error npm error npm error npm error npm error npm error npm error npm error npm error npm error npm error npm error npm error npm error A complete log of this run can be found in: C:\Users\James\AppData\Local\npm-cache\_logs\2025-04-29T13_24_16_489Z-debug-0.log
npm error npm error npm error npm error npm error npm error npm error npm error npm error npm error npm error npm error npm error npm error npm error npm error npm error A complete log of this run can be found in: C:\Users\James\AppData\Local\npm-cache\_logs\2025-04-29T13_24_14_996Z-debug-0.log
npm error npm error npm error npm error npm error npm error npm error npm error npm error npm error npm error npm error npm error npm error npm error npm error A complete log of this run can be found in: C:\Users\James\AppData\Local\npm-cache\_logs\2025-04-29T13_24_13_558Z-debug-0.log
npm error npm error npm error npm error npm error npm error npm error npm error npm error npm error npm error npm error npm error npm error npm error A complete log of this run can be found in: C:\Users\James\AppData\Local\npm-cache\_logs\2025-04-29T13_24_12_255Z-debug-0.log
npm error npm error npm error npm error npm error npm error npm error npm error npm error npm error npm error npm error npm error npm error A complete log of this run can be found in: C:\Users\James\AppData\Local\npm-cache\_logs\2025-04-29T13_24_10_963Z-debug-0.log
npm error npm error npm error npm error npm error npm error npm error npm error npm error npm error npm error npm error npm error A complete log of this run can be found in: C:\Users\James\AppData\Local\npm-cache\_logs\2025-04-29T13_24_09_595Z-debug-0.log
npm error npm error npm error npm error npm error npm error npm error npm error npm error npm error npm error npm error A complete log of this run can be found in: C:\Users\James\AppData\Local\npm-cache\_logs\2025-04-29T13_24_08_324Z-debug-0.log
npm error npm error npm error npm error npm error npm error npm error npm error npm error npm error npm error A complete log of this run can be found in: C:\Users\James\AppData\Local\npm-cache\_logs\2025-04-29T13_24_06_981Z-debug-0.log
npm error npm error npm error npm error npm error npm error npm error npm error npm error npm error A complete log of this run can be found in: C:\Users\James\AppData\Local\npm-cache\_logs\2025-04-29T13_24_05_705Z-debug-0.log
npm error npm error npm error npm error npm error npm error npm error npm error npm error A complete log of this run can be found in: C:\Users\James\AppData\Local\npm-cache\_logs\2025-04-29T13_24_04_453Z-debug-0.log
npm error npm error npm error npm error npm error npm error npm error npm error A complete log of this run can be found in: C:\Users\James\AppData\Local\npm-cache\_logs\2025-04-29T13_24_03_173Z-debug-0.log
npm error npm error npm error npm error npm error npm error npm error A complete log of this run can be found in: C:\Users\James\AppData\Local\npm-cache\_logs\2025-04-29T13_24_01_920Z-debug-0.log
npm error npm error npm error npm error npm error npm error A complete log of this run can be found in: C:\Users\James\AppData\Local\npm-cache\_logs\2025-04-29T13_24_00_630Z-debug-0.log
npm error npm error npm error npm error npm error A complete log of this run can be found in: C:\Users\James\AppData\Local\npm-cache\_logs\2025-04-29T13_23_59_321Z-debug-0.log
npm error npm error npm error npm error A complete log of this run can be found in: C:\Users\James\AppData\Local\npm-cache\_logs\2025-04-29T13_23_57_988Z-debug-0.log
npm error npm error npm error A complete log of this run can be found in: C:\Users\James\AppData\Local\npm-cache\_logs\2025-04-29T13_23_56_636Z-debug-0.log
npm error npm error A complete log of this run can be found in: C:\Users\James\AppData\Local\npm-cache\_logs\2025-04-29T13_23_55_257Z-debug-0.log
npm error A complete log of this run can be found in: C:\Users\James\AppData\Local\npm-cache\_logs\2025-04-29T13_23_54_028Z-debug-0.log
npm error code 1
npm error path f:\Dev\eBaySalesTool
npm error command failed
npm error command C:\WINDOWS\system32\cmd.exe /d /s /c npm install --prefix backend && npm install --prefix frontend
npm error A complete log of this run can be found in: C:\Users\James\AppData\Local\npm-cache\_logs\2025-04-29T13_23_52_670Z-debug-0.log
"Failed to install backend dependencies. Exiting..." 
